{
  "RSpec": {
    "coverage": {
      "/Users/leviossa/Desktop/reserve v/app/models/user.rb": {
        "lines": [
          1,
          1,
          1,
          null,
          1,
          null,
          null,
          null,
          1,
          null,
          1,
          1,
          null,
          1,
          96,
          null,
          null,
          1,
          12,
          null,
          null
        ]
      },
      "/Users/leviossa/Desktop/reserve v/app/models/application_record.rb": {
        "lines": [
          1,
          1,
          1,
          null
        ]
      },
      "/Users/leviossa/Desktop/reserve v/app/helpers/examples_helper.rb": {
        "lines": [
          1,
          1,
          23,
          null,
          null
        ]
      },
      "/Users/leviossa/Desktop/reserve v/app/helpers/users_helper.rb": {
        "lines": [
          1,
          1,
          75,
          null,
          null
        ]
      },
      "/Users/leviossa/Desktop/reserve v/app/controllers/application_controller.rb": {
        "lines": [
          1,
          1,
          1,
          1,
          null,
          1,
          null,
          1,
          17,
          null,
          null
        ]
      },
      "/Users/leviossa/Desktop/reserve v/app/controllers/phrases_controller.rb": {
        "lines": [
          1,
          1,
          1,
          1,
          null,
          1,
          4,
          4,
          null,
          null,
          1,
          4,
          4,
          2,
          2,
          null,
          2,
          2,
          null,
          null,
          null,
          1,
          39,
          null,
          null,
          1,
          3,
          1,
          1,
          null,
          2,
          2,
          null,
          null,
          null,
          1,
          29,
          29,
          null,
          null,
          1,
          1,
          1,
          1,
          null,
          null,
          1,
          11,
          5,
          null,
          6,
          null,
          null,
          11,
          9,
          9,
          9,
          9,
          null,
          2,
          null,
          11,
          null,
          null,
          1,
          null,
          1,
          134,
          null,
          null,
          1,
          7,
          null,
          null,
          1,
          8,
          null,
          null,
          1,
          13,
          2,
          null,
          null,
          null
        ]
      },
      "/Users/leviossa/Desktop/reserve v/app/models/phrase.rb": {
        "lines": [
          1,
          1,
          1,
          1,
          null,
          1,
          1,
          null,
          1,
          1,
          null,
          1,
          1,
          1,
          null,
          1,
          1,
          1,
          1,
          null,
          1,
          1,
          47,
          null,
          null
        ]
      },
      "/Users/leviossa/Desktop/reserve v/app/controllers/concerns/shared_methods.rb": {
        "lines": [
          1,
          1,
          null,
          1,
          38,
          null,
          null,
          1,
          7,
          7,
          7,
          7,
          7,
          7,
          null,
          null,
          1,
          9,
          9,
          9,
          9,
          9,
          9,
          null,
          null
        ]
      },
      "/Users/leviossa/Desktop/reserve v/app/controllers/users_controller.rb": {
        "lines": [
          1,
          1,
          4,
          4,
          null,
          null,
          1,
          5,
          null,
          null
        ]
      },
      "/Users/leviossa/Desktop/reserve v/app/models/example.rb": {
        "lines": [
          1,
          1,
          1,
          null,
          1,
          1,
          null,
          1,
          1,
          null,
          1,
          1,
          1,
          1,
          null
        ]
      },
      "/Users/leviossa/Desktop/reserve v/app/controllers/examples_controller.rb": {
        "lines": [
          1,
          1,
          null,
          1,
          4,
          4,
          2,
          null,
          2,
          null,
          4,
          null,
          null,
          1,
          1,
          1,
          1,
          null,
          null,
          1,
          8,
          5,
          null,
          3,
          null,
          8,
          7,
          7,
          7,
          7,
          null,
          1,
          null,
          8,
          null,
          null,
          1,
          null,
          1,
          4,
          null,
          null,
          1,
          30,
          null,
          null,
          1,
          48,
          null,
          null,
          1,
          10,
          2,
          null,
          null,
          null
        ]
      },
      "/Users/leviossa/Desktop/reserve v/app/controllers/notifications_controller.rb": {
        "lines": [
          1,
          1,
          6,
          null,
          null,
          1,
          5,
          5,
          null,
          null,
          1,
          1,
          1,
          1,
          null,
          null
        ]
      }
    },
    "timestamp": 1630666662
  }
}
